<?xml version="1.0" encoding="UTF-8"?>
<!-- Generated by org.testng.reporters.JUnitReportReporter -->
<testsuite skipped="3" hostname="Lenovo-PC" name="com.loginTests.LoginTests" tests="3" failures="0" timestamp="21 Dec 2021 06:21:49 GMT" time="0.006" errors="0">
  <testcase name="Login_TC1" time="0.001" classname="com.loginTests.LoginTests">
    <skipped/>
  </testcase> <!-- Login_TC1 -->
  <testcase name="Login_TC3" time="0.001" classname="com.loginTests.LoginTests">
    <skipped/>
  </testcase> <!-- Login_TC3 -->
  <testcase name="Login_TC2" time="0.004" classname="com.loginTests.LoginTests">
    <skipped/>
  </testcase> <!-- Login_TC2 -->
</testsuite> <!-- com.loginTests.LoginTests -->
