<?xml version="1.0" encoding="UTF-8"?>
<!-- Generated by org.testng.reporters.JUnitReportReporter -->
<testsuite skipped="0" hostname="Lenovo-PC" name="com.customer.NewCustomer" tests="1" failures="0" timestamp="6 Jul 2019 15:33:18 GMT" time="26.855" errors="0">
  <testcase name="NewCustomerValidation_TC1" time="26.855" classname="com.customer.NewCustomer"/>
</testsuite> <!-- com.customer.NewCustomer -->
